<?xml version="1.0" encoding="UTF-8"?>
<!-- Generated by org.testng.reporters.JUnitReportReporter -->
<testsuite hostname="yoganandpc" failures="0" tests="1" name="demo.democlass" time="6.170" errors="0" timestamp="2024-03-21T14:18:41 IST" skipped="0">
  <testcase classname="demo.democlass" name="greencart_Product" time="6.170"/>
</testsuite> <!-- demo.democlass -->
