<?xml version="1.0" encoding="UTF-8"?>
<!-- Generated by org.testng.reporters.JUnitReportReporter -->
<testsuite hostname="yoganandpc" failures="0" tests="1" name="demo.democlass" time="4.718" errors="0" timestamp="2024-03-20T18:32:23 IST" skipped="0">
  <testcase classname="demo.democlass" name="greencart_Product" time="4.718"/>
</testsuite> <!-- demo.democlass -->
